drop table if exists smallt;
NOTICE:  table "smallt" does not exist, skipping
create table smallt (i int, t text, d date) distributed by (i);
insert into smallt select i%10, 'text ' || (i%15), '2011-01-01'::date + ((i%20) || ' days')::interval
from generate_series(0, 99) i;
drop table if exists bigt;
NOTICE:  table "bigt" does not exist, skipping
create table bigt (i int, t text, d date) distributed by (i);
insert into bigt select i/10, 'text ' || (i/15), '2011-01-01'::date + ((i/20) || ' days')::interval
from generate_series(0, 999999) i;
drop table if exists smallt2;
NOTICE:  table "smallt2" does not exist, skipping
create table smallt2 (i int, t text, d date) distributed by (i);
insert into smallt2 select i%5, 'text ' || (i%10), '2011-01-01'::date + ((i%15) || ' days')::interval
from generate_series(0, 49) i;
set optimizer_segments = 3;
-- HashAgg, Agg
select d, count(*) from smallt group by d;
     d      | count 
------------+-------
 01-01-2011 |     5
 01-03-2011 |     5
 01-05-2011 |     5
 01-07-2011 |     5
 01-09-2011 |     5
 01-11-2011 |     5
 01-13-2011 |     5
 01-15-2011 |     5
 01-17-2011 |     5
 01-19-2011 |     5
 01-02-2011 |     5
 01-04-2011 |     5
 01-06-2011 |     5
 01-08-2011 |     5
 01-10-2011 |     5
 01-12-2011 |     5
 01-14-2011 |     5
 01-16-2011 |     5
 01-18-2011 |     5
 01-20-2011 |     5
(20 rows)

explain analyze select d, count(*) from smallt group by d;
                                                                      QUERY PLAN                                                                      
------------------------------------------------------------------------------------------------------------------------------------------------------
 Gather Motion 2:1  (slice2; segments: 2)  (cost=4.20..4.45 rows=20 width=12)
   Rows out:  20 rows at destination with 63 ms to end, start offset by 1.577 ms.
   ->  HashAggregate  (cost=4.20..4.45 rows=10 width=12)
         Group By: smallt.d
         Rows out:  Avg 10.0 rows x 2 workers.  Max 10 rows (seg0) with 0.002 ms to first row, 0.110 ms to end, start offset by 2.449 ms.
         ->  Redistribute Motion 2:2  (slice1; segments: 2)  (cost=3.50..3.90 rows=10 width=12)
               Hash Key: smallt.d
               Rows out:  Avg 10.0 rows x 2 workers at destination.  Max 10 rows (seg0) with 48 ms to end, start offset by 2.451 ms.
               ->  HashAggregate  (cost=3.50..3.50 rows=10 width=12)
                     Group By: smallt.d
                     Rows out:  Avg 10.0 rows x 2 workers.  Max 10 rows (seg0) with 0.003 ms to first row, 0.149 ms to end, start offset by 4.546 ms.
                     ->  Seq Scan on smallt  (cost=0.00..3.00 rows=50 width=4)
                           Rows out:  Avg 50.0 rows x 2 workers.  Max 50 rows (seg0) with 44 ms to end, start offset by 4.549 ms.
 Slice statistics:
   (slice0)    Executor memory: 206K bytes.
   (slice1)    Executor memory: 250K bytes avg x 2 workers, 250K bytes max (seg0).
   (slice2)    Executor memory: 246K bytes avg x 2 workers, 246K bytes max (seg0).
 Statement statistics:
   Memory used: 128000K bytes
 Settings:  optimizer_segments=3
 Optimizer status: legacy query optimizer
 Total runtime: 65.344 ms
(22 rows)

set statement_mem=2560;
select count(*) from (select i, t, d, count(*) from bigt group by i, t, d) tmp;
 count  
--------
 133333
(1 row)

explain analyze select count(*) from (select i, t, d, count(*) from bigt group by i, t, d) tmp;
                                                                             QUERY PLAN                                                                              
---------------------------------------------------------------------------------------------------------------------------------------------------------------------
 Aggregate  (cost=24102.98..24102.99 rows=1 width=8)
   Rows out:  1 rows with 0.002 ms to first row, 123 ms to end, start offset by 1.741 ms.
   ->  Gather Motion 2:1  (slice1; segments: 2)  (cost=24102.93..24102.97 rows=1 width=8)
         Rows out:  2 rows at destination with 350 ms to end, start offset by 1.743 ms.
         ->  Aggregate  (cost=24102.93..24102.94 rows=1 width=8)
               Rows out:  Avg 1.0 rows x 2 workers.  Max 1 rows (seg0) with 0.002 ms to first row, 3.293 ms to end, start offset by 2.049 ms.
               ->  Subquery Scan tmp  (cost=21592.20..23851.85 rows=50215 width=0)
                     Rows out:  Avg 66666.5 rows x 2 workers.  Max 66668 rows (seg1) with 0.001 ms to first row, 0.002 ms to end, start offset by 2.385 ms.
                     ->  HashAggregate  (cost=21592.20..22847.56 rows=50215 width=48)
                           Group By: bigt.i, bigt.t, bigt.d
                           Rows out:  Avg 66666.5 rows x 2 workers.  Max 66668 rows (seg1) with 0.001 ms to first row, 278 ms to end, start offset by 2.387 ms.
                           ->  Seq Scan on bigt  (cost=0.00..11591.10 rows=500055 width=18)
                                 Rows out:  Avg 500000.0 rows x 2 workers.  Max 500000 rows (seg0) with 55 ms to first row, 109 ms to end, start offset by 2.055 ms.
 Slice statistics:
   (slice0)    Executor memory: 292K bytes.
   (slice1)    Executor memory: 324K bytes avg x 2 workers, 324K bytes max (seg0).
 Statement statistics:
   Memory used: 2560K bytes
 Settings:  optimizer_segments=3
 Optimizer status: legacy query optimizer
 Total runtime: 477.146 ms
(21 rows)

set statement_mem=128000;
-- DQA
set gp_enable_agg_distinct=off;
set gp_eager_one_phase_agg=on;
select count(distinct d) from smallt;
 count 
-------
    20
(1 row)

explain analyze select count(distinct d) from smallt;
                                                                QUERY PLAN                                                                
------------------------------------------------------------------------------------------------------------------------------------------
 Aggregate  (cost=6.25..6.26 rows=1 width=8)
   Rows out:  1 rows with 0.002 ms to first row, 3.603 ms to end, start offset by 1.675 ms.
   ->  Gather Motion 2:1  (slice1; segments: 2)  (cost=0.00..6.00 rows=100 width=4)
         Rows out:  100 rows at destination with 13 ms to end, start offset by 1.677 ms.
         ->  Seq Scan on smallt  (cost=0.00..3.00 rows=50 width=4)
               Rows out:  Avg 50.0 rows x 2 workers.  Max 50 rows (seg0) with 16 ms to first row, 17 ms to end, start offset by 2.139 ms.
 Slice statistics:
   (slice0)    Executor memory: 214K bytes.
   (slice1)    Executor memory: 238K bytes avg x 2 workers, 238K bytes max (seg0).
 Statement statistics:
   Memory used: 128000K bytes
 Settings:  gp_enable_agg_distinct=off; optimizer_segments=3
 Optimizer status: legacy query optimizer
 Total runtime: 20.103 ms
(14 rows)

set statement_mem=2560;
select count(distinct d) from bigt;
 count 
-------
 50000
(1 row)

explain analyze select count(distinct d) from bigt;
                                                                    QUERY PLAN                                                                     
---------------------------------------------------------------------------------------------------------------------------------------------------
 Aggregate  (cost=44094.68..44094.69 rows=1 width=8)
   Rows out:  1 rows with 0.001 ms to first row, 1855 ms to end, start offset by 1.539 ms.
   ->  Gather Motion 2:1  (slice1; segments: 2)  (cost=0.00..41594.40 rows=1000110 width=4)
         Rows out:  1000000 rows at destination with 15 ms to end, start offset by 1.541 ms.
         ->  Seq Scan on bigt  (cost=0.00..11591.10 rows=500055 width=4)
               Rows out:  Avg 500000.0 rows x 2 workers.  Max 500000 rows (seg0) with 13 ms to first row, 114 ms to end, start offset by 2.157 ms.
 Slice statistics:
   (slice0)    Executor memory: 438K bytes.
   (slice1)    Executor memory: 262K bytes avg x 2 workers, 262K bytes max (seg0).
 Statement statistics:
   Memory used: 2560K bytes
 Settings:  gp_enable_agg_distinct=off; optimizer_segments=3
 Optimizer status: legacy query optimizer
 Total runtime: 1915.534 ms
(14 rows)

set statement_mem=128000;
set gp_enable_agg_distinct=on;
set gp_eager_one_phase_agg=off;
-- Rescan on Agg (with Material in the inner side of nestloop)
-- start_ignore
-- Known_opt_diff: This test is only here for the planner. It doesn't exercise eagerfree in ORCA plans
-- end_ignore
set enable_nestloop=on;
set enable_hashjoin=off;
select t1.*, t2.* from
(select d, count(*) from smallt group by d) as t1, (select d, sum(i) from smallt group by d) as t2
where t1.d = t2.d;
     d      | count |     d      | sum 
------------+-------+------------+-----
 01-02-2011 |     5 | 01-02-2011 |   5
 01-04-2011 |     5 | 01-04-2011 |  15
 01-06-2011 |     5 | 01-06-2011 |  25
 01-08-2011 |     5 | 01-08-2011 |  35
 01-10-2011 |     5 | 01-10-2011 |  45
 01-12-2011 |     5 | 01-12-2011 |   5
 01-14-2011 |     5 | 01-14-2011 |  15
 01-16-2011 |     5 | 01-16-2011 |  25
 01-18-2011 |     5 | 01-18-2011 |  35
 01-20-2011 |     5 | 01-20-2011 |  45
 01-01-2011 |     5 | 01-01-2011 |   0
 01-03-2011 |     5 | 01-03-2011 |  10
 01-05-2011 |     5 | 01-05-2011 |  20
 01-07-2011 |     5 | 01-07-2011 |  30
 01-09-2011 |     5 | 01-09-2011 |  40
 01-11-2011 |     5 | 01-11-2011 |   0
 01-13-2011 |     5 | 01-13-2011 |  10
 01-15-2011 |     5 | 01-15-2011 |  20
 01-17-2011 |     5 | 01-17-2011 |  30
 01-19-2011 |     5 | 01-19-2011 |  40
(20 rows)

explain analyze select t1.*, t2.* from
(select d, count(*) from smallt group by d) as t1, (select d, sum(i) from smallt group by d) as t2
where t1.d = t2.d;
                                                                                   QUERY PLAN                                                                                   
--------------------------------------------------------------------------------------------------------------------------------------------------------------------------------
 Gather Motion 2:1  (slice3; segments: 2)  (cost=8.87..18.32 rows=20 width=24)
   Rows out:  20 rows at destination with 128 ms to end, start offset by 2.361 ms.
   ->  Nested Loop  (cost=8.87..18.32 rows=10 width=24)
         Join Filter: t1.d = t2.d
         Rows out:  Avg 10.0 rows x 2 workers.  Max 10 rows (seg0) with 0.002 ms to first row, 0.025 ms to end, start offset by 4.012 ms.
         ->  HashAggregate  (cost=4.20..4.45 rows=10 width=12)
               Group By: public.smallt.d
               Rows out:  Avg 10.0 rows x 2 workers.  Max 10 rows (seg0) with 0.002 ms to first row, 0.122 ms to end, start offset by 4.014 ms.
               ->  Redistribute Motion 2:2  (slice1; segments: 2)  (cost=3.50..3.90 rows=10 width=12)
                     Hash Key: public.smallt.d
                     Rows out:  Avg 10.0 rows x 2 workers at destination.  Max 10 rows (seg0) with 0.001 ms to end, start offset by 4.016 ms.
                     ->  HashAggregate  (cost=3.50..3.50 rows=10 width=12)
                           Group By: public.smallt.d
                           Rows out:  Avg 10.0 rows x 2 workers.  Max 10 rows (seg0) with 0.008 ms to first row, 0.159 ms to end, start offset by 4.513 ms.
                           ->  Seq Scan on smallt  (cost=0.00..3.00 rows=50 width=4)
                                 Rows out:  Avg 50.0 rows x 2 workers.  Max 50 rows (seg0) with 38 ms to end, start offset by 4.521 ms.
         ->  Materialize  (cost=4.67..4.87 rows=10 width=12)
               Rows out:  0 rows (seg0) with 0.114 ms to end, start offset by 130 ms.
               ->  HashAggregate  (cost=4.20..4.45 rows=10 width=12)
                     Group By: public.smallt.d
                     Rows out:  Avg 10.0 rows x 2 workers.  Max 10 rows (seg0) with 0.001 ms to first row, 0.062 ms to end of 2 scans, start offset by 130 ms.
                     ->  Redistribute Motion 2:2  (slice2; segments: 2)  (cost=3.50..3.90 rows=10 width=12)
                           Hash Key: public.smallt.d
                           Rows out:  Avg 10.0 rows x 2 workers at destination.  Max 10 rows (seg0) with 125 ms to first row, 126 ms to end of 2 scans, start offset by 130 ms.
                           ->  HashAggregate  (cost=3.50..3.50 rows=10 width=12)
                                 Group By: public.smallt.d
                                 Rows out:  Avg 10.0 rows x 2 workers.  Max 10 rows (seg0) with 0.003 ms to first row, 0.135 ms to end, start offset by 5.155 ms.
                                 ->  Seq Scan on smallt  (cost=0.00..3.00 rows=50 width=8)
                                       Rows out:  Avg 50.0 rows x 2 workers.  Max 50 rows (seg0) with 66 ms to end, start offset by 5.158 ms.
 Slice statistics:
   (slice0)    Executor memory: 270K bytes.
   (slice1)    Executor memory: 314K bytes avg x 2 workers, 314K bytes max (seg0).
   (slice2)    Executor memory: 314K bytes avg x 2 workers, 314K bytes max (seg0).
   (slice3)    Executor memory: 310K bytes avg x 2 workers, 310K bytes max (seg0).
 Statement statistics:
   Memory used: 128000K bytes
 Settings:  enable_hashjoin=off; enable_nestloop=on; gp_enable_agg_distinct=on; optimizer_segments=3
 Optimizer status: legacy query optimizer
 Total runtime: 131.600 ms
(39 rows)

set enable_nestloop=off;
set enable_hashjoin=on;
-- Rescan on Agg (with Material in the inner side of nestloop)
-- start_ignore
-- Known_opt_diff: This test is only here for the planner. It doesn't exercise eagerfree in ORCA plans
-- end_ignore
set enable_nestloop=on;
set enable_hashjoin=off;
select t1.*, t2.* from
(select i, count(*) from smallt group by i) as t1, (select i, sum(i) from smallt group by i) as t2
where t1.i = t2.i;
 i | count | i | sum 
---+-------+---+-----
 9 |    10 | 9 |  90
 7 |    10 | 7 |  70
 5 |    10 | 5 |  50
 3 |    10 | 3 |  30
 1 |    10 | 1 |  10
 8 |    10 | 8 |  80
 6 |    10 | 6 |  60
 4 |    10 | 4 |  40
 2 |    10 | 2 |  20
 0 |    10 | 0 |   0
(10 rows)

explain analyze select t1.*, t2.* from
(select i, count(*) from smallt group by i) as t1, (select i, sum(i) from smallt group by i) as t2
where t1.i = t2.i;
                                                                         QUERY PLAN                                                                         
------------------------------------------------------------------------------------------------------------------------------------------------------------
 Gather Motion 2:1  (slice1; segments: 2)  (cost=7.23..9.71 rows=10 width=24)
   Rows out:  10 rows at destination with 60 ms to end, start offset by 1.698 ms.
   ->  Nested Loop  (cost=7.23..9.71 rows=5 width=24)
         Join Filter: t1.i = t2.i
         Rows out:  Avg 5.0 rows x 2 workers.  Max 5 rows (seg0) with 0.002 ms to first row, 0.006 ms to end, start offset by 2.352 ms.
         ->  HashAggregate  (cost=3.50..3.62 rows=5 width=12)
               Group By: public.smallt.i
               Rows out:  Avg 5.0 rows x 2 workers.  Max 5 rows (seg0) with 0.002 ms to first row, 0.143 ms to end, start offset by 2.354 ms.
               ->  Seq Scan on smallt  (cost=0.00..3.00 rows=50 width=4)
                     Rows out:  Avg 50.0 rows x 2 workers.  Max 50 rows (seg0) with 0.002 ms to first row, 0.006 ms to end, start offset by 2.356 ms.
         ->  Materialize  (cost=3.73..3.83 rows=5 width=12)
               Rows out:  0 rows (seg0) with 0.067 ms to end, start offset by 60 ms.
               ->  HashAggregate  (cost=3.50..3.62 rows=5 width=12)
                     Group By: public.smallt.i
                     Rows out:  Avg 5.0 rows x 2 workers.  Max 5 rows (seg0) with 0.002 ms to first row, 0.070 ms to end of 2 scans, start offset by 62 ms.
                     ->  Seq Scan on smallt  (cost=0.00..3.00 rows=50 width=4)
                           Rows out:  Avg 50.0 rows x 2 workers.  Max 50 rows (seg0) with 59 ms to end of 2 scans, start offset by 62 ms.
 Slice statistics:
   (slice0)    Executor memory: 270K bytes.
   (slice1)    Executor memory: 318K bytes avg x 2 workers, 318K bytes max (seg0).
 Statement statistics:
   Memory used: 128000K bytes
 Settings:  enable_hashjoin=off; enable_nestloop=on; gp_enable_agg_distinct=on; optimizer_segments=3
 Optimizer status: legacy query optimizer
 Total runtime: 63.463 ms
(25 rows)

set enable_nestloop=off;
set enable_hashjoin=on;
-- Limit on Agg
select d, count(*) from smallt group by d limit 5; --ignore
     d      | count 
------------+-------
 01-01-2011 |     5
 01-03-2011 |     5
 01-05-2011 |     5
 01-07-2011 |     5
 01-09-2011 |     5
(5 rows)

explain analyze select d, count(*) from smallt group by d limit 5;
                                                                            QUERY PLAN                                                                            
------------------------------------------------------------------------------------------------------------------------------------------------------------------
 Limit  (cost=4.20..4.36 rows=5 width=12)
   Rows out:  5 rows with 0.002 ms to first row, 0.346 ms to end, start offset by 9.323 ms.
   ->  Gather Motion 2:1  (slice2; segments: 2)  (cost=4.20..4.36 rows=5 width=12)
         Rows out:  5 rows at destination with 38 ms to end, start offset by 9.325 ms.
         ->  Limit  (cost=4.20..4.26 rows=3 width=12)
               Rows out:  Avg 5.0 rows x 2 workers.  Max 5 rows (seg0) with 0.002 ms to first row, 0.003 ms to end, start offset by 2.280 ms.
               ->  HashAggregate  (cost=4.20..4.45 rows=10 width=12)
                     Group By: smallt.d
                     Rows out:  Avg 5.0 rows x 2 workers.  Max 5 rows (seg0) with 0.001 ms to first row, 0.081 ms to end, start offset by 2.282 ms.
                     ->  Redistribute Motion 2:2  (slice1; segments: 2)  (cost=3.50..3.90 rows=10 width=12)
                           Hash Key: smallt.d
                           Rows out:  Avg 10.0 rows x 2 workers at destination.  Max 10 rows (seg0) with 45 ms to end, start offset by 2.283 ms.
                           ->  HashAggregate  (cost=3.50..3.50 rows=10 width=12)
                                 Group By: smallt.d
                                 Rows out:  Avg 10.0 rows x 2 workers.  Max 10 rows (seg0) with 0.002 ms to first row, 0.142 ms to end, start offset by 3.026 ms.
                                 ->  Seq Scan on smallt  (cost=0.00..3.00 rows=50 width=4)
                                       Rows out:  Avg 50.0 rows x 2 workers.  Max 50 rows (seg0) with 29 ms to end, start offset by 3.028 ms.
 Slice statistics:
   (slice0)    Executor memory: 270K bytes.
   (slice1)    Executor memory: 250K bytes avg x 2 workers, 250K bytes max (seg0).
   (slice2)    Executor memory: 246K bytes avg x 2 workers, 246K bytes max (seg0).
 Statement statistics:
   Memory used: 128000K bytes
 Settings:  enable_hashjoin=on; enable_nestloop=off; gp_enable_agg_distinct=on; optimizer_segments=3
 Optimizer status: legacy query optimizer
 Total runtime: 48.469 ms
(26 rows)

-- HashJoin
select t1.* from smallt as t1, smallt as t2 where t1.i = t2.i;
 i |    t    |     d      
---+---------+------------
 0 | text 0  | 01-01-2011
 0 | text 0  | 01-01-2011
 0 | text 0  | 01-01-2011
 0 | text 0  | 01-01-2011
 0 | text 0  | 01-01-2011
 0 | text 0  | 01-01-2011
 0 | text 0  | 01-01-2011
 0 | text 0  | 01-01-2011
 0 | text 0  | 01-01-2011
 0 | text 0  | 01-01-2011
 2 | text 2  | 01-03-2011
 2 | text 2  | 01-03-2011
 2 | text 2  | 01-03-2011
 2 | text 2  | 01-03-2011
 2 | text 2  | 01-03-2011
 2 | text 2  | 01-03-2011
 2 | text 2  | 01-03-2011
 2 | text 2  | 01-03-2011
 2 | text 2  | 01-03-2011
 2 | text 2  | 01-03-2011
 4 | text 4  | 01-05-2011
 4 | text 4  | 01-05-2011
 4 | text 4  | 01-05-2011
 4 | text 4  | 01-05-2011
 4 | text 4  | 01-05-2011
 4 | text 4  | 01-05-2011
 4 | text 4  | 01-05-2011
 4 | text 4  | 01-05-2011
 4 | text 4  | 01-05-2011
 4 | text 4  | 01-05-2011
 6 | text 6  | 01-07-2011
 6 | text 6  | 01-07-2011
 6 | text 6  | 01-07-2011
 6 | text 6  | 01-07-2011
 6 | text 6  | 01-07-2011
 6 | text 6  | 01-07-2011
 6 | text 6  | 01-07-2011
 6 | text 6  | 01-07-2011
 6 | text 6  | 01-07-2011
 6 | text 6  | 01-07-2011
 8 | text 8  | 01-09-2011
 8 | text 8  | 01-09-2011
 8 | text 8  | 01-09-2011
 8 | text 8  | 01-09-2011
 8 | text 8  | 01-09-2011
 8 | text 8  | 01-09-2011
 8 | text 8  | 01-09-2011
 8 | text 8  | 01-09-2011
 8 | text 8  | 01-09-2011
 8 | text 8  | 01-09-2011
 0 | text 10 | 01-11-2011
 0 | text 10 | 01-11-2011
 0 | text 10 | 01-11-2011
 0 | text 10 | 01-11-2011
 0 | text 10 | 01-11-2011
 0 | text 10 | 01-11-2011
 0 | text 10 | 01-11-2011
 0 | text 10 | 01-11-2011
 0 | text 10 | 01-11-2011
 0 | text 10 | 01-11-2011
 2 | text 12 | 01-13-2011
 2 | text 12 | 01-13-2011
 2 | text 12 | 01-13-2011
 2 | text 12 | 01-13-2011
 2 | text 12 | 01-13-2011
 2 | text 12 | 01-13-2011
 2 | text 12 | 01-13-2011
 2 | text 12 | 01-13-2011
 2 | text 12 | 01-13-2011
 2 | text 12 | 01-13-2011
 4 | text 14 | 01-15-2011
 4 | text 14 | 01-15-2011
 4 | text 14 | 01-15-2011
 4 | text 14 | 01-15-2011
 4 | text 14 | 01-15-2011
 4 | text 14 | 01-15-2011
 4 | text 14 | 01-15-2011
 4 | text 14 | 01-15-2011
 4 | text 14 | 01-15-2011
 4 | text 14 | 01-15-2011
 6 | text 1  | 01-17-2011
 6 | text 1  | 01-17-2011
 6 | text 1  | 01-17-2011
 6 | text 1  | 01-17-2011
 6 | text 1  | 01-17-2011
 6 | text 1  | 01-17-2011
 6 | text 1  | 01-17-2011
 6 | text 1  | 01-17-2011
 6 | text 1  | 01-17-2011
 6 | text 1  | 01-17-2011
 8 | text 3  | 01-19-2011
 8 | text 3  | 01-19-2011
 8 | text 3  | 01-19-2011
 8 | text 3  | 01-19-2011
 8 | text 3  | 01-19-2011
 8 | text 3  | 01-19-2011
 8 | text 3  | 01-19-2011
 8 | text 3  | 01-19-2011
 8 | text 3  | 01-19-2011
 8 | text 3  | 01-19-2011
 0 | text 5  | 01-01-2011
 0 | text 5  | 01-01-2011
 0 | text 5  | 01-01-2011
 0 | text 5  | 01-01-2011
 0 | text 5  | 01-01-2011
 0 | text 5  | 01-01-2011
 0 | text 5  | 01-01-2011
 0 | text 5  | 01-01-2011
 0 | text 5  | 01-01-2011
 0 | text 5  | 01-01-2011
 2 | text 7  | 01-03-2011
 2 | text 7  | 01-03-2011
 2 | text 7  | 01-03-2011
 2 | text 7  | 01-03-2011
 2 | text 7  | 01-03-2011
 2 | text 7  | 01-03-2011
 2 | text 7  | 01-03-2011
 2 | text 7  | 01-03-2011
 2 | text 7  | 01-03-2011
 2 | text 7  | 01-03-2011
 4 | text 9  | 01-05-2011
 4 | text 9  | 01-05-2011
 4 | text 9  | 01-05-2011
 4 | text 9  | 01-05-2011
 4 | text 9  | 01-05-2011
 4 | text 9  | 01-05-2011
 4 | text 9  | 01-05-2011
 4 | text 9  | 01-05-2011
 4 | text 9  | 01-05-2011
 4 | text 9  | 01-05-2011
 6 | text 11 | 01-07-2011
 6 | text 11 | 01-07-2011
 6 | text 11 | 01-07-2011
 6 | text 11 | 01-07-2011
 6 | text 11 | 01-07-2011
 6 | text 11 | 01-07-2011
 6 | text 11 | 01-07-2011
 6 | text 11 | 01-07-2011
 6 | text 11 | 01-07-2011
 6 | text 11 | 01-07-2011
 8 | text 13 | 01-09-2011
 8 | text 13 | 01-09-2011
 8 | text 13 | 01-09-2011
 8 | text 13 | 01-09-2011
 8 | text 13 | 01-09-2011
 8 | text 13 | 01-09-2011
 8 | text 13 | 01-09-2011
 8 | text 13 | 01-09-2011
 8 | text 13 | 01-09-2011
 8 | text 13 | 01-09-2011
 0 | text 0  | 01-11-2011
 0 | text 0  | 01-11-2011
 0 | text 0  | 01-11-2011
 0 | text 0  | 01-11-2011
 0 | text 0  | 01-11-2011
 0 | text 0  | 01-11-2011
 0 | text 0  | 01-11-2011
 0 | text 0  | 01-11-2011
 0 | text 0  | 01-11-2011
 0 | text 0  | 01-11-2011
 2 | text 2  | 01-13-2011
 2 | text 2  | 01-13-2011
 2 | text 2  | 01-13-2011
 2 | text 2  | 01-13-2011
 2 | text 2  | 01-13-2011
 2 | text 2  | 01-13-2011
 2 | text 2  | 01-13-2011
 2 | text 2  | 01-13-2011
 2 | text 2  | 01-13-2011
 2 | text 2  | 01-13-2011
 4 | text 4  | 01-15-2011
 4 | text 4  | 01-15-2011
 4 | text 4  | 01-15-2011
 4 | text 4  | 01-15-2011
 4 | text 4  | 01-15-2011
 4 | text 4  | 01-15-2011
 4 | text 4  | 01-15-2011
 4 | text 4  | 01-15-2011
 4 | text 4  | 01-15-2011
 4 | text 4  | 01-15-2011
 6 | text 6  | 01-17-2011
 6 | text 6  | 01-17-2011
 6 | text 6  | 01-17-2011
 6 | text 6  | 01-17-2011
 6 | text 6  | 01-17-2011
 6 | text 6  | 01-17-2011
 6 | text 6  | 01-17-2011
 6 | text 6  | 01-17-2011
 6 | text 6  | 01-17-2011
 6 | text 6  | 01-17-2011
 8 | text 8  | 01-19-2011
 8 | text 8  | 01-19-2011
 8 | text 8  | 01-19-2011
 8 | text 8  | 01-19-2011
 8 | text 8  | 01-19-2011
 8 | text 8  | 01-19-2011
 8 | text 8  | 01-19-2011
 8 | text 8  | 01-19-2011
 8 | text 8  | 01-19-2011
 8 | text 8  | 01-19-2011
 0 | text 10 | 01-01-2011
 0 | text 10 | 01-01-2011
 0 | text 10 | 01-01-2011
 0 | text 10 | 01-01-2011
 0 | text 10 | 01-01-2011
 0 | text 10 | 01-01-2011
 0 | text 10 | 01-01-2011
 0 | text 10 | 01-01-2011
 0 | text 10 | 01-01-2011
 0 | text 10 | 01-01-2011
 2 | text 12 | 01-03-2011
 2 | text 12 | 01-03-2011
 2 | text 12 | 01-03-2011
 2 | text 12 | 01-03-2011
 2 | text 12 | 01-03-2011
 2 | text 12 | 01-03-2011
 2 | text 12 | 01-03-2011
 2 | text 12 | 01-03-2011
 2 | text 12 | 01-03-2011
 2 | text 12 | 01-03-2011
 4 | text 14 | 01-05-2011
 4 | text 14 | 01-05-2011
 4 | text 14 | 01-05-2011
 4 | text 14 | 01-05-2011
 4 | text 14 | 01-05-2011
 4 | text 14 | 01-05-2011
 4 | text 14 | 01-05-2011
 4 | text 14 | 01-05-2011
 4 | text 14 | 01-05-2011
 4 | text 14 | 01-05-2011
 6 | text 1  | 01-07-2011
 6 | text 1  | 01-07-2011
 6 | text 1  | 01-07-2011
 6 | text 1  | 01-07-2011
 6 | text 1  | 01-07-2011
 6 | text 1  | 01-07-2011
 6 | text 1  | 01-07-2011
 6 | text 1  | 01-07-2011
 6 | text 1  | 01-07-2011
 6 | text 1  | 01-07-2011
 8 | text 3  | 01-09-2011
 8 | text 3  | 01-09-2011
 8 | text 3  | 01-09-2011
 8 | text 3  | 01-09-2011
 8 | text 3  | 01-09-2011
 8 | text 3  | 01-09-2011
 8 | text 3  | 01-09-2011
 8 | text 3  | 01-09-2011
 8 | text 3  | 01-09-2011
 8 | text 3  | 01-09-2011
 0 | text 5  | 01-11-2011
 0 | text 5  | 01-11-2011
 0 | text 5  | 01-11-2011
 0 | text 5  | 01-11-2011
 0 | text 5  | 01-11-2011
 0 | text 5  | 01-11-2011
 0 | text 5  | 01-11-2011
 0 | text 5  | 01-11-2011
 0 | text 5  | 01-11-2011
 0 | text 5  | 01-11-2011
 2 | text 7  | 01-13-2011
 2 | text 7  | 01-13-2011
 2 | text 7  | 01-13-2011
 2 | text 7  | 01-13-2011
 2 | text 7  | 01-13-2011
 2 | text 7  | 01-13-2011
 2 | text 7  | 01-13-2011
 2 | text 7  | 01-13-2011
 2 | text 7  | 01-13-2011
 2 | text 7  | 01-13-2011
 4 | text 9  | 01-15-2011
 4 | text 9  | 01-15-2011
 4 | text 9  | 01-15-2011
 4 | text 9  | 01-15-2011
 4 | text 9  | 01-15-2011
 4 | text 9  | 01-15-2011
 4 | text 9  | 01-15-2011
 4 | text 9  | 01-15-2011
 4 | text 9  | 01-15-2011
 4 | text 9  | 01-15-2011
 6 | text 11 | 01-17-2011
 6 | text 11 | 01-17-2011
 6 | text 11 | 01-17-2011
 6 | text 11 | 01-17-2011
 6 | text 11 | 01-17-2011
 6 | text 11 | 01-17-2011
 6 | text 11 | 01-17-2011
 6 | text 11 | 01-17-2011
 6 | text 11 | 01-17-2011
 6 | text 11 | 01-17-2011
 8 | text 13 | 01-19-2011
 8 | text 13 | 01-19-2011
 8 | text 13 | 01-19-2011
 8 | text 13 | 01-19-2011
 8 | text 13 | 01-19-2011
 8 | text 13 | 01-19-2011
 8 | text 13 | 01-19-2011
 8 | text 13 | 01-19-2011
 8 | text 13 | 01-19-2011
 8 | text 13 | 01-19-2011
 0 | text 0  | 01-01-2011
 0 | text 0  | 01-01-2011
 0 | text 0  | 01-01-2011
 0 | text 0  | 01-01-2011
 0 | text 0  | 01-01-2011
 0 | text 0  | 01-01-2011
 0 | text 0  | 01-01-2011
 0 | text 0  | 01-01-2011
 0 | text 0  | 01-01-2011
 0 | text 0  | 01-01-2011
 2 | text 2  | 01-03-2011
 2 | text 2  | 01-03-2011
 2 | text 2  | 01-03-2011
 2 | text 2  | 01-03-2011
 2 | text 2  | 01-03-2011
 2 | text 2  | 01-03-2011
 2 | text 2  | 01-03-2011
 2 | text 2  | 01-03-2011
 2 | text 2  | 01-03-2011
 2 | text 2  | 01-03-2011
 4 | text 4  | 01-05-2011
 4 | text 4  | 01-05-2011
 4 | text 4  | 01-05-2011
 4 | text 4  | 01-05-2011
 4 | text 4  | 01-05-2011
 4 | text 4  | 01-05-2011
 4 | text 4  | 01-05-2011
 4 | text 4  | 01-05-2011
 4 | text 4  | 01-05-2011
 4 | text 4  | 01-05-2011
 6 | text 6  | 01-07-2011
 6 | text 6  | 01-07-2011
 6 | text 6  | 01-07-2011
 6 | text 6  | 01-07-2011
 6 | text 6  | 01-07-2011
 6 | text 6  | 01-07-2011
 6 | text 6  | 01-07-2011
 6 | text 6  | 01-07-2011
 6 | text 6  | 01-07-2011
 6 | text 6  | 01-07-2011
 8 | text 8  | 01-09-2011
 8 | text 8  | 01-09-2011
 8 | text 8  | 01-09-2011
 8 | text 8  | 01-09-2011
 8 | text 8  | 01-09-2011
 8 | text 8  | 01-09-2011
 8 | text 8  | 01-09-2011
 8 | text 8  | 01-09-2011
 8 | text 8  | 01-09-2011
 8 | text 8  | 01-09-2011
 0 | text 10 | 01-11-2011
 0 | text 10 | 01-11-2011
 0 | text 10 | 01-11-2011
 0 | text 10 | 01-11-2011
 0 | text 10 | 01-11-2011
 0 | text 10 | 01-11-2011
 0 | text 10 | 01-11-2011
 0 | text 10 | 01-11-2011
 0 | text 10 | 01-11-2011
 0 | text 10 | 01-11-2011
 2 | text 12 | 01-13-2011
 2 | text 12 | 01-13-2011
 2 | text 12 | 01-13-2011
 2 | text 12 | 01-13-2011
 2 | text 12 | 01-13-2011
 2 | text 12 | 01-13-2011
 2 | text 12 | 01-13-2011
 2 | text 12 | 01-13-2011
 2 | text 12 | 01-13-2011
 2 | text 12 | 01-13-2011
 4 | text 14 | 01-15-2011
 4 | text 14 | 01-15-2011
 4 | text 14 | 01-15-2011
 4 | text 14 | 01-15-2011
 4 | text 14 | 01-15-2011
 4 | text 14 | 01-15-2011
 4 | text 14 | 01-15-2011
 4 | text 14 | 01-15-2011
 4 | text 14 | 01-15-2011
 4 | text 14 | 01-15-2011
 6 | text 1  | 01-17-2011
 6 | text 1  | 01-17-2011
 6 | text 1  | 01-17-2011
 6 | text 1  | 01-17-2011
 6 | text 1  | 01-17-2011
 6 | text 1  | 01-17-2011
 6 | text 1  | 01-17-2011
 6 | text 1  | 01-17-2011
 6 | text 1  | 01-17-2011
 6 | text 1  | 01-17-2011
 8 | text 3  | 01-19-2011
 8 | text 3  | 01-19-2011
 8 | text 3  | 01-19-2011
 8 | text 3  | 01-19-2011
 8 | text 3  | 01-19-2011
 8 | text 3  | 01-19-2011
 8 | text 3  | 01-19-2011
 8 | text 3  | 01-19-2011
 8 | text 3  | 01-19-2011
 8 | text 3  | 01-19-2011
 0 | text 5  | 01-01-2011
 0 | text 5  | 01-01-2011
 0 | text 5  | 01-01-2011
 0 | text 5  | 01-01-2011
 0 | text 5  | 01-01-2011
 0 | text 5  | 01-01-2011
 0 | text 5  | 01-01-2011
 0 | text 5  | 01-01-2011
 0 | text 5  | 01-01-2011
 0 | text 5  | 01-01-2011
 2 | text 7  | 01-03-2011
 2 | text 7  | 01-03-2011
 2 | text 7  | 01-03-2011
 2 | text 7  | 01-03-2011
 2 | text 7  | 01-03-2011
 2 | text 7  | 01-03-2011
 2 | text 7  | 01-03-2011
 2 | text 7  | 01-03-2011
 2 | text 7  | 01-03-2011
 2 | text 7  | 01-03-2011
 4 | text 9  | 01-05-2011
 4 | text 9  | 01-05-2011
 4 | text 9  | 01-05-2011
 4 | text 9  | 01-05-2011
 4 | text 9  | 01-05-2011
 4 | text 9  | 01-05-2011
 4 | text 9  | 01-05-2011
 4 | text 9  | 01-05-2011
 4 | text 9  | 01-05-2011
 4 | text 9  | 01-05-2011
 6 | text 11 | 01-07-2011
 6 | text 11 | 01-07-2011
 6 | text 11 | 01-07-2011
 6 | text 11 | 01-07-2011
 6 | text 11 | 01-07-2011
 6 | text 11 | 01-07-2011
 6 | text 11 | 01-07-2011
 6 | text 11 | 01-07-2011
 6 | text 11 | 01-07-2011
 6 | text 11 | 01-07-2011
 8 | text 13 | 01-09-2011
 8 | text 13 | 01-09-2011
 8 | text 13 | 01-09-2011
 8 | text 13 | 01-09-2011
 8 | text 13 | 01-09-2011
 8 | text 13 | 01-09-2011
 8 | text 13 | 01-09-2011
 8 | text 13 | 01-09-2011
 8 | text 13 | 01-09-2011
 8 | text 13 | 01-09-2011
 0 | text 0  | 01-11-2011
 0 | text 0  | 01-11-2011
 0 | text 0  | 01-11-2011
 0 | text 0  | 01-11-2011
 0 | text 0  | 01-11-2011
 0 | text 0  | 01-11-2011
 0 | text 0  | 01-11-2011
 0 | text 0  | 01-11-2011
 0 | text 0  | 01-11-2011
 0 | text 0  | 01-11-2011
 2 | text 2  | 01-13-2011
 2 | text 2  | 01-13-2011
 2 | text 2  | 01-13-2011
 2 | text 2  | 01-13-2011
 2 | text 2  | 01-13-2011
 2 | text 2  | 01-13-2011
 2 | text 2  | 01-13-2011
 2 | text 2  | 01-13-2011
 2 | text 2  | 01-13-2011
 2 | text 2  | 01-13-2011
 4 | text 4  | 01-15-2011
 4 | text 4  | 01-15-2011
 4 | text 4  | 01-15-2011
 4 | text 4  | 01-15-2011
 4 | text 4  | 01-15-2011
 4 | text 4  | 01-15-2011
 4 | text 4  | 01-15-2011
 4 | text 4  | 01-15-2011
 4 | text 4  | 01-15-2011
 4 | text 4  | 01-15-2011
 6 | text 6  | 01-17-2011
 6 | text 6  | 01-17-2011
 6 | text 6  | 01-17-2011
 6 | text 6  | 01-17-2011
 6 | text 6  | 01-17-2011
 6 | text 6  | 01-17-2011
 6 | text 6  | 01-17-2011
 6 | text 6  | 01-17-2011
 6 | text 6  | 01-17-2011
 6 | text 6  | 01-17-2011
 8 | text 8  | 01-19-2011
 8 | text 8  | 01-19-2011
 8 | text 8  | 01-19-2011
 8 | text 8  | 01-19-2011
 8 | text 8  | 01-19-2011
 8 | text 8  | 01-19-2011
 8 | text 8  | 01-19-2011
 8 | text 8  | 01-19-2011
 8 | text 8  | 01-19-2011
 8 | text 8  | 01-19-2011
 1 | text 1  | 01-02-2011
 1 | text 1  | 01-02-2011
 1 | text 1  | 01-02-2011
 1 | text 1  | 01-02-2011
 1 | text 1  | 01-02-2011
 1 | text 1  | 01-02-2011
 1 | text 1  | 01-02-2011
 1 | text 1  | 01-02-2011
 1 | text 1  | 01-02-2011
 1 | text 1  | 01-02-2011
 3 | text 3  | 01-04-2011
 3 | text 3  | 01-04-2011
 3 | text 3  | 01-04-2011
 3 | text 3  | 01-04-2011
 3 | text 3  | 01-04-2011
 3 | text 3  | 01-04-2011
 3 | text 3  | 01-04-2011
 3 | text 3  | 01-04-2011
 3 | text 3  | 01-04-2011
 3 | text 3  | 01-04-2011
 5 | text 5  | 01-06-2011
 5 | text 5  | 01-06-2011
 5 | text 5  | 01-06-2011
 5 | text 5  | 01-06-2011
 5 | text 5  | 01-06-2011
 5 | text 5  | 01-06-2011
 5 | text 5  | 01-06-2011
 5 | text 5  | 01-06-2011
 5 | text 5  | 01-06-2011
 5 | text 5  | 01-06-2011
 7 | text 7  | 01-08-2011
 7 | text 7  | 01-08-2011
 7 | text 7  | 01-08-2011
 7 | text 7  | 01-08-2011
 7 | text 7  | 01-08-2011
 7 | text 7  | 01-08-2011
 7 | text 7  | 01-08-2011
 7 | text 7  | 01-08-2011
 7 | text 7  | 01-08-2011
 7 | text 7  | 01-08-2011
 9 | text 9  | 01-10-2011
 9 | text 9  | 01-10-2011
 9 | text 9  | 01-10-2011
 9 | text 9  | 01-10-2011
 9 | text 9  | 01-10-2011
 9 | text 9  | 01-10-2011
 9 | text 9  | 01-10-2011
 9 | text 9  | 01-10-2011
 9 | text 9  | 01-10-2011
 9 | text 9  | 01-10-2011
 1 | text 11 | 01-12-2011
 1 | text 11 | 01-12-2011
 1 | text 11 | 01-12-2011
 1 | text 11 | 01-12-2011
 1 | text 11 | 01-12-2011
 1 | text 11 | 01-12-2011
 1 | text 11 | 01-12-2011
 1 | text 11 | 01-12-2011
 1 | text 11 | 01-12-2011
 1 | text 11 | 01-12-2011
 3 | text 13 | 01-14-2011
 3 | text 13 | 01-14-2011
 3 | text 13 | 01-14-2011
 3 | text 13 | 01-14-2011
 3 | text 13 | 01-14-2011
 3 | text 13 | 01-14-2011
 3 | text 13 | 01-14-2011
 3 | text 13 | 01-14-2011
 3 | text 13 | 01-14-2011
 3 | text 13 | 01-14-2011
 5 | text 0  | 01-16-2011
 5 | text 0  | 01-16-2011
 5 | text 0  | 01-16-2011
 5 | text 0  | 01-16-2011
 5 | text 0  | 01-16-2011
 5 | text 0  | 01-16-2011
 5 | text 0  | 01-16-2011
 5 | text 0  | 01-16-2011
 5 | text 0  | 01-16-2011
 5 | text 0  | 01-16-2011
 7 | text 2  | 01-18-2011
 7 | text 2  | 01-18-2011
 7 | text 2  | 01-18-2011
 7 | text 2  | 01-18-2011
 7 | text 2  | 01-18-2011
 7 | text 2  | 01-18-2011
 7 | text 2  | 01-18-2011
 7 | text 2  | 01-18-2011
 7 | text 2  | 01-18-2011
 7 | text 2  | 01-18-2011
 9 | text 4  | 01-20-2011
 9 | text 4  | 01-20-2011
 9 | text 4  | 01-20-2011
 9 | text 4  | 01-20-2011
 9 | text 4  | 01-20-2011
 9 | text 4  | 01-20-2011
 9 | text 4  | 01-20-2011
 9 | text 4  | 01-20-2011
 9 | text 4  | 01-20-2011
 9 | text 4  | 01-20-2011
 1 | text 6  | 01-02-2011
 1 | text 6  | 01-02-2011
 1 | text 6  | 01-02-2011
 1 | text 6  | 01-02-2011
 1 | text 6  | 01-02-2011
 1 | text 6  | 01-02-2011
 1 | text 6  | 01-02-2011
 1 | text 6  | 01-02-2011
 1 | text 6  | 01-02-2011
 1 | text 6  | 01-02-2011
 3 | text 8  | 01-04-2011
 3 | text 8  | 01-04-2011
 3 | text 8  | 01-04-2011
 3 | text 8  | 01-04-2011
 3 | text 8  | 01-04-2011
 3 | text 8  | 01-04-2011
 3 | text 8  | 01-04-2011
 3 | text 8  | 01-04-2011
 3 | text 8  | 01-04-2011
 3 | text 8  | 01-04-2011
 5 | text 10 | 01-06-2011
 5 | text 10 | 01-06-2011
 5 | text 10 | 01-06-2011
 5 | text 10 | 01-06-2011
 5 | text 10 | 01-06-2011
 5 | text 10 | 01-06-2011
 5 | text 10 | 01-06-2011
 5 | text 10 | 01-06-2011
 5 | text 10 | 01-06-2011
 5 | text 10 | 01-06-2011
 7 | text 12 | 01-08-2011
 7 | text 12 | 01-08-2011
 7 | text 12 | 01-08-2011
 7 | text 12 | 01-08-2011
 7 | text 12 | 01-08-2011
 7 | text 12 | 01-08-2011
 7 | text 12 | 01-08-2011
 7 | text 12 | 01-08-2011
 7 | text 12 | 01-08-2011
 7 | text 12 | 01-08-2011
 9 | text 14 | 01-10-2011
 9 | text 14 | 01-10-2011
 9 | text 14 | 01-10-2011
 9 | text 14 | 01-10-2011
 9 | text 14 | 01-10-2011
 9 | text 14 | 01-10-2011
 9 | text 14 | 01-10-2011
 9 | text 14 | 01-10-2011
 9 | text 14 | 01-10-2011
 9 | text 14 | 01-10-2011
 1 | text 1  | 01-12-2011
 1 | text 1  | 01-12-2011
 1 | text 1  | 01-12-2011
 1 | text 1  | 01-12-2011
 1 | text 1  | 01-12-2011
 1 | text 1  | 01-12-2011
 1 | text 1  | 01-12-2011
 1 | text 1  | 01-12-2011
 1 | text 1  | 01-12-2011
 1 | text 1  | 01-12-2011
 3 | text 3  | 01-14-2011
 3 | text 3  | 01-14-2011
 3 | text 3  | 01-14-2011
 3 | text 3  | 01-14-2011
 3 | text 3  | 01-14-2011
 3 | text 3  | 01-14-2011
 3 | text 3  | 01-14-2011
 3 | text 3  | 01-14-2011
 3 | text 3  | 01-14-2011
 3 | text 3  | 01-14-2011
 5 | text 5  | 01-16-2011
 5 | text 5  | 01-16-2011
 5 | text 5  | 01-16-2011
 5 | text 5  | 01-16-2011
 5 | text 5  | 01-16-2011
 5 | text 5  | 01-16-2011
 5 | text 5  | 01-16-2011
 5 | text 5  | 01-16-2011
 5 | text 5  | 01-16-2011
 5 | text 5  | 01-16-2011
 7 | text 7  | 01-18-2011
 7 | text 7  | 01-18-2011
 7 | text 7  | 01-18-2011
 7 | text 7  | 01-18-2011
 7 | text 7  | 01-18-2011
 7 | text 7  | 01-18-2011
 7 | text 7  | 01-18-2011
 7 | text 7  | 01-18-2011
 7 | text 7  | 01-18-2011
 7 | text 7  | 01-18-2011
 9 | text 9  | 01-20-2011
 9 | text 9  | 01-20-2011
 9 | text 9  | 01-20-2011
 9 | text 9  | 01-20-2011
 9 | text 9  | 01-20-2011
 9 | text 9  | 01-20-2011
 9 | text 9  | 01-20-2011
 9 | text 9  | 01-20-2011
 9 | text 9  | 01-20-2011
 9 | text 9  | 01-20-2011
 1 | text 11 | 01-02-2011
 1 | text 11 | 01-02-2011
 1 | text 11 | 01-02-2011
 1 | text 11 | 01-02-2011
 1 | text 11 | 01-02-2011
 1 | text 11 | 01-02-2011
 1 | text 11 | 01-02-2011
 1 | text 11 | 01-02-2011
 1 | text 11 | 01-02-2011
 1 | text 11 | 01-02-2011
 3 | text 13 | 01-04-2011
 3 | text 13 | 01-04-2011
 3 | text 13 | 01-04-2011
 3 | text 13 | 01-04-2011
 3 | text 13 | 01-04-2011
 3 | text 13 | 01-04-2011
 3 | text 13 | 01-04-2011
 3 | text 13 | 01-04-2011
 3 | text 13 | 01-04-2011
 3 | text 13 | 01-04-2011
 5 | text 0  | 01-06-2011
 5 | text 0  | 01-06-2011
 5 | text 0  | 01-06-2011
 5 | text 0  | 01-06-2011
 5 | text 0  | 01-06-2011
 5 | text 0  | 01-06-2011
 5 | text 0  | 01-06-2011
 5 | text 0  | 01-06-2011
 5 | text 0  | 01-06-2011
 5 | text 0  | 01-06-2011
 7 | text 2  | 01-08-2011
 7 | text 2  | 01-08-2011
 7 | text 2  | 01-08-2011
 7 | text 2  | 01-08-2011
 7 | text 2  | 01-08-2011
 7 | text 2  | 01-08-2011
 7 | text 2  | 01-08-2011
 7 | text 2  | 01-08-2011
 7 | text 2  | 01-08-2011
 7 | text 2  | 01-08-2011
 9 | text 4  | 01-10-2011
 9 | text 4  | 01-10-2011
 9 | text 4  | 01-10-2011
 9 | text 4  | 01-10-2011
 9 | text 4  | 01-10-2011
 9 | text 4  | 01-10-2011
 9 | text 4  | 01-10-2011
 9 | text 4  | 01-10-2011
 9 | text 4  | 01-10-2011
 9 | text 4  | 01-10-2011
 1 | text 6  | 01-12-2011
 1 | text 6  | 01-12-2011
 1 | text 6  | 01-12-2011
 1 | text 6  | 01-12-2011
 1 | text 6  | 01-12-2011
 1 | text 6  | 01-12-2011
 1 | text 6  | 01-12-2011
 1 | text 6  | 01-12-2011
 1 | text 6  | 01-12-2011
 1 | text 6  | 01-12-2011
 3 | text 8  | 01-14-2011
 3 | text 8  | 01-14-2011
 3 | text 8  | 01-14-2011
 3 | text 8  | 01-14-2011
 3 | text 8  | 01-14-2011
 3 | text 8  | 01-14-2011
 3 | text 8  | 01-14-2011
 3 | text 8  | 01-14-2011
 3 | text 8  | 01-14-2011
 3 | text 8  | 01-14-2011
 5 | text 10 | 01-16-2011
 5 | text 10 | 01-16-2011
 5 | text 10 | 01-16-2011
 5 | text 10 | 01-16-2011
 5 | text 10 | 01-16-2011
 5 | text 10 | 01-16-2011
 5 | text 10 | 01-16-2011
 5 | text 10 | 01-16-2011
 5 | text 10 | 01-16-2011
 5 | text 10 | 01-16-2011
 7 | text 12 | 01-18-2011
 7 | text 12 | 01-18-2011
 7 | text 12 | 01-18-2011
 7 | text 12 | 01-18-2011
 7 | text 12 | 01-18-2011
 7 | text 12 | 01-18-2011
 7 | text 12 | 01-18-2011
 7 | text 12 | 01-18-2011
 7 | text 12 | 01-18-2011
 7 | text 12 | 01-18-2011
 9 | text 14 | 01-20-2011
 9 | text 14 | 01-20-2011
 9 | text 14 | 01-20-2011
 9 | text 14 | 01-20-2011
 9 | text 14 | 01-20-2011
 9 | text 14 | 01-20-2011
 9 | text 14 | 01-20-2011
 9 | text 14 | 01-20-2011
 9 | text 14 | 01-20-2011
 9 | text 14 | 01-20-2011
 1 | text 1  | 01-02-2011
 1 | text 1  | 01-02-2011
 1 | text 1  | 01-02-2011
 1 | text 1  | 01-02-2011
 1 | text 1  | 01-02-2011
 1 | text 1  | 01-02-2011
 1 | text 1  | 01-02-2011
 1 | text 1  | 01-02-2011
 1 | text 1  | 01-02-2011
 1 | text 1  | 01-02-2011
 3 | text 3  | 01-04-2011
 3 | text 3  | 01-04-2011
 3 | text 3  | 01-04-2011
 3 | text 3  | 01-04-2011
 3 | text 3  | 01-04-2011
 3 | text 3  | 01-04-2011
 3 | text 3  | 01-04-2011
 3 | text 3  | 01-04-2011
 3 | text 3  | 01-04-2011
 3 | text 3  | 01-04-2011
 5 | text 5  | 01-06-2011
 5 | text 5  | 01-06-2011
 5 | text 5  | 01-06-2011
 5 | text 5  | 01-06-2011
 5 | text 5  | 01-06-2011
 5 | text 5  | 01-06-2011
 5 | text 5  | 01-06-2011
 5 | text 5  | 01-06-2011
 5 | text 5  | 01-06-2011
 5 | text 5  | 01-06-2011
 7 | text 7  | 01-08-2011
 7 | text 7  | 01-08-2011
 7 | text 7  | 01-08-2011
 7 | text 7  | 01-08-2011
 7 | text 7  | 01-08-2011
 7 | text 7  | 01-08-2011
 7 | text 7  | 01-08-2011
 7 | text 7  | 01-08-2011
 7 | text 7  | 01-08-2011
 7 | text 7  | 01-08-2011
 9 | text 9  | 01-10-2011
 9 | text 9  | 01-10-2011
 9 | text 9  | 01-10-2011
 9 | text 9  | 01-10-2011
 9 | text 9  | 01-10-2011
 9 | text 9  | 01-10-2011
 9 | text 9  | 01-10-2011
 9 | text 9  | 01-10-2011
 9 | text 9  | 01-10-2011
 9 | text 9  | 01-10-2011
 1 | text 11 | 01-12-2011
 1 | text 11 | 01-12-2011
 1 | text 11 | 01-12-2011
 1 | text 11 | 01-12-2011
 1 | text 11 | 01-12-2011
 1 | text 11 | 01-12-2011
 1 | text 11 | 01-12-2011
 1 | text 11 | 01-12-2011
 1 | text 11 | 01-12-2011
 1 | text 11 | 01-12-2011
 3 | text 13 | 01-14-2011
 3 | text 13 | 01-14-2011
 3 | text 13 | 01-14-2011
 3 | text 13 | 01-14-2011
 3 | text 13 | 01-14-2011
 3 | text 13 | 01-14-2011
 3 | text 13 | 01-14-2011
 3 | text 13 | 01-14-2011
 3 | text 13 | 01-14-2011
 3 | text 13 | 01-14-2011
 5 | text 0  | 01-16-2011
 5 | text 0  | 01-16-2011
 5 | text 0  | 01-16-2011
 5 | text 0  | 01-16-2011
 5 | text 0  | 01-16-2011
 5 | text 0  | 01-16-2011
 5 | text 0  | 01-16-2011
 5 | text 0  | 01-16-2011
 5 | text 0  | 01-16-2011
 5 | text 0  | 01-16-2011
 7 | text 2  | 01-18-2011
 7 | text 2  | 01-18-2011
 7 | text 2  | 01-18-2011
 7 | text 2  | 01-18-2011
 7 | text 2  | 01-18-2011
 7 | text 2  | 01-18-2011
 7 | text 2  | 01-18-2011
 7 | text 2  | 01-18-2011
 7 | text 2  | 01-18-2011
 7 | text 2  | 01-18-2011
 9 | text 4  | 01-20-2011
 9 | text 4  | 01-20-2011
 9 | text 4  | 01-20-2011
 9 | text 4  | 01-20-2011
 9 | text 4  | 01-20-2011
 9 | text 4  | 01-20-2011
 9 | text 4  | 01-20-2011
 9 | text 4  | 01-20-2011
 9 | text 4  | 01-20-2011
 9 | text 4  | 01-20-2011
 1 | text 6  | 01-02-2011
 1 | text 6  | 01-02-2011
 1 | text 6  | 01-02-2011
 1 | text 6  | 01-02-2011
 1 | text 6  | 01-02-2011
 1 | text 6  | 01-02-2011
 1 | text 6  | 01-02-2011
 1 | text 6  | 01-02-2011
 1 | text 6  | 01-02-2011
 1 | text 6  | 01-02-2011
 3 | text 8  | 01-04-2011
 3 | text 8  | 01-04-2011
 3 | text 8  | 01-04-2011
 3 | text 8  | 01-04-2011
 3 | text 8  | 01-04-2011
 3 | text 8  | 01-04-2011
 3 | text 8  | 01-04-2011
 3 | text 8  | 01-04-2011
 3 | text 8  | 01-04-2011
 3 | text 8  | 01-04-2011
 5 | text 10 | 01-06-2011
 5 | text 10 | 01-06-2011
 5 | text 10 | 01-06-2011
 5 | text 10 | 01-06-2011
 5 | text 10 | 01-06-2011
 5 | text 10 | 01-06-2011
 5 | text 10 | 01-06-2011
 5 | text 10 | 01-06-2011
 5 | text 10 | 01-06-2011
 5 | text 10 | 01-06-2011
 7 | text 12 | 01-08-2011
 7 | text 12 | 01-08-2011
 7 | text 12 | 01-08-2011
 7 | text 12 | 01-08-2011
 7 | text 12 | 01-08-2011
 7 | text 12 | 01-08-2011
 7 | text 12 | 01-08-2011
 7 | text 12 | 01-08-2011
 7 | text 12 | 01-08-2011
 7 | text 12 | 01-08-2011
 9 | text 14 | 01-10-2011
 9 | text 14 | 01-10-2011
 9 | text 14 | 01-10-2011
 9 | text 14 | 01-10-2011
 9 | text 14 | 01-10-2011
 9 | text 14 | 01-10-2011
 9 | text 14 | 01-10-2011
 9 | text 14 | 01-10-2011
 9 | text 14 | 01-10-2011
 9 | text 14 | 01-10-2011
 1 | text 1  | 01-12-2011
 1 | text 1  | 01-12-2011
 1 | text 1  | 01-12-2011
 1 | text 1  | 01-12-2011
 1 | text 1  | 01-12-2011
 1 | text 1  | 01-12-2011
 1 | text 1  | 01-12-2011
 1 | text 1  | 01-12-2011
 1 | text 1  | 01-12-2011
 1 | text 1  | 01-12-2011
 3 | text 3  | 01-14-2011
 3 | text 3  | 01-14-2011
 3 | text 3  | 01-14-2011
 3 | text 3  | 01-14-2011
 3 | text 3  | 01-14-2011
 3 | text 3  | 01-14-2011
 3 | text 3  | 01-14-2011
 3 | text 3  | 01-14-2011
 3 | text 3  | 01-14-2011
 3 | text 3  | 01-14-2011
 5 | text 5  | 01-16-2011
 5 | text 5  | 01-16-2011
 5 | text 5  | 01-16-2011
 5 | text 5  | 01-16-2011
 5 | text 5  | 01-16-2011
 5 | text 5  | 01-16-2011
 5 | text 5  | 01-16-2011
 5 | text 5  | 01-16-2011
 5 | text 5  | 01-16-2011
 5 | text 5  | 01-16-2011
 7 | text 7  | 01-18-2011
 7 | text 7  | 01-18-2011
 7 | text 7  | 01-18-2011
 7 | text 7  | 01-18-2011
 7 | text 7  | 01-18-2011
 7 | text 7  | 01-18-2011
 7 | text 7  | 01-18-2011
 7 | text 7  | 01-18-2011
 7 | text 7  | 01-18-2011
 7 | text 7  | 01-18-2011
 9 | text 9  | 01-20-2011
 9 | text 9  | 01-20-2011
 9 | text 9  | 01-20-2011
 9 | text 9  | 01-20-2011
 9 | text 9  | 01-20-2011
 9 | text 9  | 01-20-2011
 9 | text 9  | 01-20-2011
 9 | text 9  | 01-20-2011
 9 | text 9  | 01-20-2011
 9 | text 9  | 01-20-2011
(1000 rows)

explain analyze select t1.* from smallt as t1, smallt as t2 where t1.i = t2.i;
                                                                   QUERY PLAN                                                                   
------------------------------------------------------------------------------------------------------------------------------------------------
 Gather Motion 2:1  (slice1; segments: 2)  (cost=4.25..20.00 rows=1001 width=15)
   Rows out:  1000 rows at destination with 65 ms to end, start offset by 1.331 ms.
   ->  Hash Join  (cost=4.25..20.00 rows=501 width=15)
         Hash Cond: t1.i = t2.i
         Rows out:  Avg 500.0 rows x 2 workers.  Max 500 rows (seg0) with 0.012 ms to first row, 0.500 ms to end, start offset by 2.154 ms.
         Executor memory:  2K bytes avg, 2K bytes max (seg0).
         Work_mem used:  2K bytes avg, 2K bytes max (seg0). Workfile: (0 spilling, 0 reused)
         ->  Seq Scan on smallt t1  (cost=0.00..3.00 rows=50 width=15)
               Rows out:  Avg 50.0 rows x 2 workers.  Max 50 rows (seg0) with 0.002 ms to first row, 0.009 ms to end, start offset by 2.166 ms.
         ->  Hash  (cost=3.00..3.00 rows=50 width=4)
               Rows in:  (No row requested) 0 rows (seg0) with 0 ms to end.
               ->  Seq Scan on smallt t2  (cost=0.00..3.00 rows=50 width=4)
                     Rows out:  Avg 50.0 rows x 2 workers.  Max 50 rows (seg0) with 62 ms to end, start offset by 2.168 ms.
 Slice statistics:
   (slice0)    Executor memory: 246K bytes.
   (slice1)    Executor memory: 279K bytes avg x 2 workers, 279K bytes max (seg0).  Work_mem: 2K bytes max.
 Statement statistics:
   Memory used: 128000K bytes
 Settings:  enable_hashjoin=on; enable_nestloop=off; gp_enable_agg_distinct=on; optimizer_segments=3
 Optimizer status: legacy query optimizer
 Total runtime: 66.660 ms
(21 rows)

-- Rescan on HashJoin
--select t1.* from (select t11.* from smallt as t11, smallt as t22 where t11.i = t22.i and t11.i < 2) as t1,
--   (select t11.* from smallt as t11, smallt as t22 where t11.d = t22.d and t11.i < 5) as t2;
-- Material in SubPlan
select smallt2.* from smallt2
where i < (select count(*) from smallt where smallt.i = smallt2.i);
 i |   t    |     d      
---+--------+------------
 1 | text 1 | 01-02-2011
 3 | text 3 | 01-04-2011
 1 | text 6 | 01-07-2011
 3 | text 8 | 01-09-2011
 1 | text 1 | 01-12-2011
 3 | text 3 | 01-14-2011
 1 | text 6 | 01-02-2011
 3 | text 8 | 01-04-2011
 1 | text 1 | 01-07-2011
 3 | text 3 | 01-09-2011
 1 | text 6 | 01-12-2011
 3 | text 8 | 01-14-2011
 1 | text 1 | 01-02-2011
 3 | text 3 | 01-04-2011
 1 | text 6 | 01-07-2011
 3 | text 8 | 01-09-2011
 1 | text 1 | 01-12-2011
 3 | text 3 | 01-14-2011
 1 | text 6 | 01-02-2011
 3 | text 8 | 01-04-2011
 0 | text 0 | 01-01-2011
 2 | text 2 | 01-03-2011
 4 | text 4 | 01-05-2011
 0 | text 5 | 01-06-2011
 2 | text 7 | 01-08-2011
 4 | text 9 | 01-10-2011
 0 | text 0 | 01-11-2011
 2 | text 2 | 01-13-2011
 4 | text 4 | 01-15-2011
 0 | text 5 | 01-01-2011
 2 | text 7 | 01-03-2011
 4 | text 9 | 01-05-2011
 0 | text 0 | 01-06-2011
 2 | text 2 | 01-08-2011
 4 | text 4 | 01-10-2011
 0 | text 5 | 01-11-2011
 2 | text 7 | 01-13-2011
 4 | text 9 | 01-15-2011
 0 | text 0 | 01-01-2011
 2 | text 2 | 01-03-2011
 4 | text 4 | 01-05-2011
 0 | text 5 | 01-06-2011
 2 | text 7 | 01-08-2011
 4 | text 9 | 01-10-2011
 0 | text 0 | 01-11-2011
 2 | text 2 | 01-13-2011
 4 | text 4 | 01-15-2011
 0 | text 5 | 01-01-2011
 2 | text 7 | 01-03-2011
 4 | text 9 | 01-05-2011
(50 rows)

explain select smallt2.* from smallt2
where i < (select count(*) from smallt where smallt.i = smallt2.i);
                                             QUERY PLAN                                              
-----------------------------------------------------------------------------------------------------
 Gather Motion 2:1  (slice1; segments: 2)  (cost=4.15..7.19 rows=17 width=15)
   ->  Hash Join  (cost=4.15..7.19 rows=9 width=15)
         Hash Cond: smallt2.i = "Expr_SUBQUERY".csq_c0
         Join Filter: smallt2.i < "Expr_SUBQUERY".csq_c1
         ->  Seq Scan on smallt2  (cost=0.00..2.50 rows=25 width=15)
         ->  Hash  (cost=4.02..4.02 rows=5 width=12)
               ->  HashAggregate  (cost=3.75..3.92 rows=5 width=12)
                     Filter: smallt.i < count(*)
                     Group By: smallt.i
                     ->  Seq Scan on smallt  (cost=0.00..3.00 rows=50 width=4)
 Settings:  enable_hashjoin=on; enable_nestloop=off; gp_enable_agg_distinct=on; optimizer_segments=3
 Optimizer status: legacy query optimizer
(12 rows)

-- Sort in MergeJoin
-- start_ignore
-- Known_opt_diff: OPT-3417. Missing feature: Sort Merge Join
-- end_ignore
set enable_hashjoin=off;
set enable_mergejoin=on;
select t1.* from smallt as t1, smallt as t2 where t1.i = t2.i and t1.i < 2;
 i |    t    |     d      
---+---------+------------
 1 | text 1  | 01-02-2011
 1 | text 1  | 01-02-2011
 1 | text 1  | 01-02-2011
 1 | text 1  | 01-02-2011
 1 | text 1  | 01-02-2011
 1 | text 1  | 01-02-2011
 1 | text 1  | 01-02-2011
 1 | text 1  | 01-02-2011
 1 | text 1  | 01-02-2011
 1 | text 1  | 01-02-2011
 1 | text 11 | 01-12-2011
 1 | text 11 | 01-12-2011
 1 | text 11 | 01-12-2011
 1 | text 11 | 01-12-2011
 1 | text 11 | 01-12-2011
 1 | text 11 | 01-12-2011
 1 | text 11 | 01-12-2011
 1 | text 11 | 01-12-2011
 1 | text 11 | 01-12-2011
 1 | text 11 | 01-12-2011
 1 | text 6  | 01-02-2011
 1 | text 6  | 01-02-2011
 1 | text 6  | 01-02-2011
 1 | text 6  | 01-02-2011
 1 | text 6  | 01-02-2011
 1 | text 6  | 01-02-2011
 1 | text 6  | 01-02-2011
 1 | text 6  | 01-02-2011
 1 | text 6  | 01-02-2011
 1 | text 6  | 01-02-2011
 1 | text 1  | 01-12-2011
 1 | text 1  | 01-12-2011
 1 | text 1  | 01-12-2011
 1 | text 1  | 01-12-2011
 1 | text 1  | 01-12-2011
 1 | text 1  | 01-12-2011
 1 | text 1  | 01-12-2011
 1 | text 1  | 01-12-2011
 1 | text 1  | 01-12-2011
 1 | text 1  | 01-12-2011
 1 | text 11 | 01-02-2011
 1 | text 11 | 01-02-2011
 1 | text 11 | 01-02-2011
 1 | text 11 | 01-02-2011
 1 | text 11 | 01-02-2011
 1 | text 11 | 01-02-2011
 1 | text 11 | 01-02-2011
 1 | text 11 | 01-02-2011
 1 | text 11 | 01-02-2011
 1 | text 11 | 01-02-2011
 1 | text 6  | 01-12-2011
 1 | text 6  | 01-12-2011
 1 | text 6  | 01-12-2011
 1 | text 6  | 01-12-2011
 1 | text 6  | 01-12-2011
 1 | text 6  | 01-12-2011
 1 | text 6  | 01-12-2011
 1 | text 6  | 01-12-2011
 1 | text 6  | 01-12-2011
 1 | text 6  | 01-12-2011
 1 | text 1  | 01-02-2011
 1 | text 1  | 01-02-2011
 1 | text 1  | 01-02-2011
 1 | text 1  | 01-02-2011
 1 | text 1  | 01-02-2011
 1 | text 1  | 01-02-2011
 1 | text 1  | 01-02-2011
 1 | text 1  | 01-02-2011
 1 | text 1  | 01-02-2011
 1 | text 1  | 01-02-2011
 1 | text 11 | 01-12-2011
 1 | text 11 | 01-12-2011
 1 | text 11 | 01-12-2011
 1 | text 11 | 01-12-2011
 1 | text 11 | 01-12-2011
 1 | text 11 | 01-12-2011
 1 | text 11 | 01-12-2011
 1 | text 11 | 01-12-2011
 1 | text 11 | 01-12-2011
 1 | text 11 | 01-12-2011
 1 | text 6  | 01-02-2011
 1 | text 6  | 01-02-2011
 1 | text 6  | 01-02-2011
 1 | text 6  | 01-02-2011
 1 | text 6  | 01-02-2011
 1 | text 6  | 01-02-2011
 1 | text 6  | 01-02-2011
 1 | text 6  | 01-02-2011
 1 | text 6  | 01-02-2011
 1 | text 6  | 01-02-2011
 1 | text 1  | 01-12-2011
 1 | text 1  | 01-12-2011
 1 | text 1  | 01-12-2011
 1 | text 1  | 01-12-2011
 1 | text 1  | 01-12-2011
 1 | text 1  | 01-12-2011
 1 | text 1  | 01-12-2011
 1 | text 1  | 01-12-2011
 1 | text 1  | 01-12-2011
 1 | text 1  | 01-12-2011
 0 | text 0  | 01-01-2011
 0 | text 0  | 01-01-2011
 0 | text 0  | 01-01-2011
 0 | text 0  | 01-01-2011
 0 | text 0  | 01-01-2011
 0 | text 0  | 01-01-2011
 0 | text 0  | 01-01-2011
 0 | text 0  | 01-01-2011
 0 | text 0  | 01-01-2011
 0 | text 0  | 01-01-2011
 0 | text 10 | 01-11-2011
 0 | text 10 | 01-11-2011
 0 | text 10 | 01-11-2011
 0 | text 10 | 01-11-2011
 0 | text 10 | 01-11-2011
 0 | text 10 | 01-11-2011
 0 | text 10 | 01-11-2011
 0 | text 10 | 01-11-2011
 0 | text 10 | 01-11-2011
 0 | text 10 | 01-11-2011
 0 | text 5  | 01-01-2011
 0 | text 5  | 01-01-2011
 0 | text 5  | 01-01-2011
 0 | text 5  | 01-01-2011
 0 | text 5  | 01-01-2011
 0 | text 5  | 01-01-2011
 0 | text 5  | 01-01-2011
 0 | text 5  | 01-01-2011
 0 | text 5  | 01-01-2011
 0 | text 5  | 01-01-2011
 0 | text 0  | 01-11-2011
 0 | text 0  | 01-11-2011
 0 | text 0  | 01-11-2011
 0 | text 0  | 01-11-2011
 0 | text 0  | 01-11-2011
 0 | text 0  | 01-11-2011
 0 | text 0  | 01-11-2011
 0 | text 0  | 01-11-2011
 0 | text 0  | 01-11-2011
 0 | text 0  | 01-11-2011
 0 | text 10 | 01-01-2011
 0 | text 10 | 01-01-2011
 0 | text 10 | 01-01-2011
 0 | text 10 | 01-01-2011
 0 | text 10 | 01-01-2011
 0 | text 10 | 01-01-2011
 0 | text 10 | 01-01-2011
 0 | text 10 | 01-01-2011
 0 | text 10 | 01-01-2011
 0 | text 10 | 01-01-2011
 0 | text 5  | 01-11-2011
 0 | text 5  | 01-11-2011
 0 | text 5  | 01-11-2011
 0 | text 5  | 01-11-2011
 0 | text 5  | 01-11-2011
 0 | text 5  | 01-11-2011
 0 | text 5  | 01-11-2011
 0 | text 5  | 01-11-2011
 0 | text 5  | 01-11-2011
 0 | text 5  | 01-11-2011
 0 | text 0  | 01-01-2011
 0 | text 0  | 01-01-2011
 0 | text 0  | 01-01-2011
 0 | text 0  | 01-01-2011
 0 | text 0  | 01-01-2011
 0 | text 0  | 01-01-2011
 0 | text 0  | 01-01-2011
 0 | text 0  | 01-01-2011
 0 | text 0  | 01-01-2011
 0 | text 0  | 01-01-2011
 0 | text 10 | 01-11-2011
 0 | text 10 | 01-11-2011
 0 | text 10 | 01-11-2011
 0 | text 10 | 01-11-2011
 0 | text 10 | 01-11-2011
 0 | text 10 | 01-11-2011
 0 | text 10 | 01-11-2011
 0 | text 10 | 01-11-2011
 0 | text 10 | 01-11-2011
 0 | text 10 | 01-11-2011
 0 | text 5  | 01-01-2011
 0 | text 5  | 01-01-2011
 0 | text 5  | 01-01-2011
 0 | text 5  | 01-01-2011
 0 | text 5  | 01-01-2011
 0 | text 5  | 01-01-2011
 0 | text 5  | 01-01-2011
 0 | text 5  | 01-01-2011
 0 | text 5  | 01-01-2011
 0 | text 5  | 01-01-2011
 0 | text 0  | 01-11-2011
 0 | text 0  | 01-11-2011
 0 | text 0  | 01-11-2011
 0 | text 0  | 01-11-2011
 0 | text 0  | 01-11-2011
 0 | text 0  | 01-11-2011
 0 | text 0  | 01-11-2011
 0 | text 0  | 01-11-2011
 0 | text 0  | 01-11-2011
 0 | text 0  | 01-11-2011
(200 rows)

explain analyze select t1.* from smallt as t1, smallt as t2 where t1.i = t2.i and t1.i < 2;
                                                                      QUERY PLAN                                                                      
------------------------------------------------------------------------------------------------------------------------------------------------------
 Gather Motion 2:1  (slice1; segments: 2)  (cost=7.36..8.06 rows=41 width=15)
   Rows out:  200 rows at destination with 41 ms to end, start offset by 1.684 ms.
   ->  Merge Join  (cost=7.36..8.06 rows=21 width=15)
         Merge Cond: t1.i = t2.i
         Rows out:  Avg 100.0 rows x 2 workers.  Max 100 rows (seg0) with 0.001 ms to first row, 0.185 ms to end, start offset by 1.814 ms.
         ->  Sort  (cost=3.68..3.73 rows=10 width=15)
               Sort Key: t1.i
               Rows out:  Avg 10.0 rows x 2 workers.  Max 10 rows (seg0) with 0.001 ms to end, start offset by 1.816 ms.
               Executor memory:  33K bytes avg, 33K bytes max (seg0).
               Work_mem used:  33K bytes avg, 33K bytes max (seg0). Workfile: (0 spilling, 0 reused)
               ->  Seq Scan on smallt t1  (cost=0.00..3.25 rows=10 width=15)
                     Filter: i < 2
                     Rows out:  Avg 10.0 rows x 2 workers.  Max 10 rows (seg0) with 0.001 ms to first row, 0.015 ms to end, start offset by 1.817 ms.
         ->  Sort  (cost=3.68..3.73 rows=10 width=4)
               Sort Key: t2.i
               Rows out:  Avg 10.0 rows x 2 workers.  Max 10 rows (seg0) with 0.001 ms to end, start offset by 1.818 ms.
               Executor memory:  33K bytes avg, 33K bytes max (seg0).
               Work_mem used:  33K bytes avg, 33K bytes max (seg0). Workfile: (0 spilling, 0 reused)
               ->  Seq Scan on smallt t2  (cost=0.00..3.25 rows=10 width=4)
                     Filter: i < 2
                     Rows out:  Avg 10.0 rows x 2 workers.  Max 10 rows (seg0) with 36 ms to end, start offset by 1.820 ms.
 Slice statistics:
   (slice0)    Executor memory: 278K bytes.
   (slice1)    Executor memory: 286K bytes avg x 2 workers, 286K bytes max (seg0).  Work_mem: 33K bytes max.
 Statement statistics:
   Memory used: 128000K bytes
 Settings:  enable_hashjoin=off; enable_mergejoin=on; enable_nestloop=off; gp_enable_agg_distinct=on; optimizer_segments=3
 Optimizer status: legacy query optimizer
 Total runtime: 43.485 ms
(29 rows)

select t1.* from smallt as t1, smallt as t2 where t1.d = t2.d and t1.i < 2;
 i |    t    |     d      
---+---------+------------
 0 | text 0  | 01-01-2011
 0 | text 0  | 01-01-2011
 0 | text 0  | 01-01-2011
 0 | text 0  | 01-01-2011
 0 | text 0  | 01-01-2011
 0 | text 5  | 01-01-2011
 0 | text 5  | 01-01-2011
 0 | text 5  | 01-01-2011
 0 | text 5  | 01-01-2011
 0 | text 5  | 01-01-2011
 0 | text 5  | 01-01-2011
 0 | text 5  | 01-01-2011
 0 | text 5  | 01-01-2011
 0 | text 5  | 01-01-2011
 0 | text 5  | 01-01-2011
 0 | text 0  | 01-01-2011
 0 | text 0  | 01-01-2011
 0 | text 0  | 01-01-2011
 0 | text 0  | 01-01-2011
 0 | text 0  | 01-01-2011
 0 | text 10 | 01-01-2011
 0 | text 10 | 01-01-2011
 0 | text 10 | 01-01-2011
 0 | text 10 | 01-01-2011
 0 | text 10 | 01-01-2011
 0 | text 0  | 01-11-2011
 0 | text 0  | 01-11-2011
 0 | text 0  | 01-11-2011
 0 | text 0  | 01-11-2011
 0 | text 0  | 01-11-2011
 0 | text 10 | 01-11-2011
 0 | text 10 | 01-11-2011
 0 | text 10 | 01-11-2011
 0 | text 10 | 01-11-2011
 0 | text 10 | 01-11-2011
 0 | text 5  | 01-11-2011
 0 | text 5  | 01-11-2011
 0 | text 5  | 01-11-2011
 0 | text 5  | 01-11-2011
 0 | text 5  | 01-11-2011
 0 | text 0  | 01-11-2011
 0 | text 0  | 01-11-2011
 0 | text 0  | 01-11-2011
 0 | text 0  | 01-11-2011
 0 | text 0  | 01-11-2011
 0 | text 10 | 01-11-2011
 0 | text 10 | 01-11-2011
 0 | text 10 | 01-11-2011
 0 | text 10 | 01-11-2011
 0 | text 10 | 01-11-2011
 1 | text 6  | 01-02-2011
 1 | text 6  | 01-02-2011
 1 | text 6  | 01-02-2011
 1 | text 6  | 01-02-2011
 1 | text 6  | 01-02-2011
 1 | text 1  | 01-02-2011
 1 | text 1  | 01-02-2011
 1 | text 1  | 01-02-2011
 1 | text 1  | 01-02-2011
 1 | text 1  | 01-02-2011
 1 | text 11 | 01-02-2011
 1 | text 11 | 01-02-2011
 1 | text 11 | 01-02-2011
 1 | text 11 | 01-02-2011
 1 | text 11 | 01-02-2011
 1 | text 6  | 01-02-2011
 1 | text 6  | 01-02-2011
 1 | text 6  | 01-02-2011
 1 | text 6  | 01-02-2011
 1 | text 6  | 01-02-2011
 1 | text 1  | 01-02-2011
 1 | text 1  | 01-02-2011
 1 | text 1  | 01-02-2011
 1 | text 1  | 01-02-2011
 1 | text 1  | 01-02-2011
 1 | text 6  | 01-12-2011
 1 | text 6  | 01-12-2011
 1 | text 6  | 01-12-2011
 1 | text 6  | 01-12-2011
 1 | text 6  | 01-12-2011
 1 | text 1  | 01-12-2011
 1 | text 1  | 01-12-2011
 1 | text 1  | 01-12-2011
 1 | text 1  | 01-12-2011
 1 | text 1  | 01-12-2011
 1 | text 11 | 01-12-2011
 1 | text 11 | 01-12-2011
 1 | text 11 | 01-12-2011
 1 | text 11 | 01-12-2011
 1 | text 11 | 01-12-2011
 1 | text 11 | 01-12-2011
 1 | text 11 | 01-12-2011
 1 | text 11 | 01-12-2011
 1 | text 11 | 01-12-2011
 1 | text 11 | 01-12-2011
 1 | text 1  | 01-12-2011
 1 | text 1  | 01-12-2011
 1 | text 1  | 01-12-2011
 1 | text 1  | 01-12-2011
 1 | text 1  | 01-12-2011
(100 rows)

--start_ignore
explain analyze select t1.* from smallt as t1, smallt as t2 where t1.d = t2.d and t1.i < 2;
                                                                QUERY PLAN                                                                
------------------------------------------------------------------------------------------------------------------------------------------
 Gather Motion 2:1  (slice2; segments: 2)  (cost=11.24..14.44 rows=101 width=15)
   Rows out:  100 rows at destination with 44 ms to end, start offset by 1.911 ms.
   ->  Merge Join  (cost=11.24..14.44 rows=51 width=15)
         Merge Cond: t1.d = t2.d
         Rows out:  Avg 50.0 rows x 2 workers.  Max 50 rows (seg0) with 0.002 ms to first row, 0.184 ms to end, start offset by 2.529 ms.
         ->  Sort  (cost=4.91..5.01 rows=20 width=15)
               Sort Key: t1.d
               Rows out:  Avg 20.0 rows x 2 workers.  Max 20 rows (seg0) with 0 ms to end, start offset by 2.532 ms.
               Executor memory:  33K bytes avg, 33K bytes max (seg0).
               Work_mem used:  33K bytes avg, 33K bytes max (seg0). Workfile: (0 spilling, 0 reused)
               ->  Broadcast Motion 2:2  (slice1; segments: 2)  (cost=0.00..3.85 rows=20 width=15)
                     Rows out:  Avg 20.0 rows x 2 workers at destination.  Max 20 rows (seg0) with 0 ms to end, start offset by 2.533 ms.
                     ->  Seq Scan on smallt t1  (cost=0.00..3.25 rows=10 width=15)
                           Filter: i < 2
                           Rows out:  Avg 10.0 rows x 2 workers.  Max 10 rows (seg0) with 14 ms to end, start offset by 11 ms.
         ->  Sort  (cost=6.32..6.57 rows=50 width=4)
               Sort Key: t2.d
               Rows out:  Avg 50.0 rows x 2 workers.  Max 50 rows (seg0) with 0.001 ms to end, start offset by 2.534 ms.
               Executor memory:  33K bytes avg, 33K bytes max (seg0).
               Work_mem used:  33K bytes avg, 33K bytes max (seg0). Workfile: (0 spilling, 0 reused)
               ->  Seq Scan on smallt t2  (cost=0.00..3.00 rows=50 width=4)
                     Rows out:  Avg 50.0 rows x 2 workers.  Max 50 rows (seg0) with 43 ms to end, start offset by 2.535 ms.
 Slice statistics:
   (slice0)    Executor memory: 278K bytes.
   (slice1)    Executor memory: 330K bytes avg x 2 workers, 330K bytes max (seg0).
   (slice2)    Executor memory: 322K bytes avg x 2 workers, 322K bytes max (seg0).  Work_mem: 33K bytes max.
 Statement statistics:
   Memory used: 128000K bytes
 Settings:  enable_hashjoin=off; enable_mergejoin=on; enable_nestloop=off; gp_enable_agg_distinct=on; optimizer_segments=3
 Optimizer status: legacy query optimizer
 Total runtime: 47.320 ms
(31 rows)

--end_ignore
set enable_hashjoin=on;
set enable_mergejoin=off;
-- ShareInputScan
--with my_group_max(i, maximum) as (select i, max(d) from smallt group by i)
--select smallt2.* from my_group_max, smallt2 where my_group_max.i = smallt2.i
--and smallt2.i < any (select maximum from my_group_max);
--explain analyze with my_group_max(i, maximum) as (select i, max(d) from smallt group by i)
--select smallt2.* from my_group_max, smallt2 where my_group_max.i = smallt2.i
--and smallt2.i < any (select maximum from my_group_max);
-- IndexScan
create index smallt_d_idx on smallt (d);
create index smallt2_d_idx on smallt2 (d);
-- start_ignore
-- Known_opt_diff: This test is only here for the planner. It doesn't exercise eagerfree in ORCA plans
-- end_ignore
set enable_hashjoin=off;
set enable_nestloop=on;
set enable_seqscan=off;
set enable_bitmapscan=off;
select smallt.* from smallt, smallt2 where smallt.i = smallt2.i and smallt2.d = '2011-01-04'::date
and smallt.d = '2011-01-04'::date;
 i |    t    |     d      
---+---------+------------
 3 | text 3  | 01-04-2011
 3 | text 3  | 01-04-2011
 3 | text 3  | 01-04-2011
 3 | text 3  | 01-04-2011
 3 | text 3  | 01-04-2011
 3 | text 3  | 01-04-2011
 3 | text 3  | 01-04-2011
 3 | text 3  | 01-04-2011
 3 | text 13 | 01-04-2011
 3 | text 13 | 01-04-2011
 3 | text 13 | 01-04-2011
 3 | text 13 | 01-04-2011
 3 | text 8  | 01-04-2011
 3 | text 8  | 01-04-2011
 3 | text 8  | 01-04-2011
 3 | text 8  | 01-04-2011
 3 | text 8  | 01-04-2011
 3 | text 8  | 01-04-2011
 3 | text 8  | 01-04-2011
 3 | text 8  | 01-04-2011
(20 rows)

explain analyze select smallt.* from smallt, smallt2 where smallt.i = smallt2.i and smallt2.d = '2011-01-04'::date
and smallt.d = '2011-01-04'::date;
                                                                              QUERY PLAN                                                                              
----------------------------------------------------------------------------------------------------------------------------------------------------------------------
 Gather Motion 2:1  (slice1; segments: 2)  (cost=299.72..600.27 rows=4 width=15)
   Rows out:  20 rows at destination with 29 ms to end, start offset by 1.384 ms.
   ->  Nested Loop  (cost=299.72..600.27 rows=2 width=15)
         Join Filter: smallt.i = smallt2.i
         Rows out:  20 rows (seg0) with 0.002 ms to first row, 0.005 ms to end, start offset by 2.167 ms.
         ->  Index Scan using smallt_d_idx on smallt  (cost=0.00..300.11 rows=3 width=15)
               Index Cond: d = '01-04-2011'::date
               Rows out:  5 rows (seg0) with 0.001 ms to end, start offset by 2.169 ms.
         ->  Materialize  (cost=299.72..299.76 rows=2 width=4)
               Rows out:  0 rows (seg0) with 0.213 ms to end, start offset by 30 ms.
               ->  Index Scan using smallt2_d_idx on smallt2  (cost=0.00..299.71 rows=2 width=4)
                     Index Cond: d = '01-04-2011'::date
                     Rows out:  4 rows (seg0) with 27 ms to first row, 28 ms to end of 2 scans, start offset by 30 ms.
 Slice statistics:
   (slice0)    Executor memory: 206K bytes.
   (slice1)    Executor memory: 269K bytes avg x 2 workers, 282K bytes max (seg0).
 Statement statistics:
   Memory used: 128000K bytes
 Settings:  enable_bitmapscan=off; enable_hashjoin=off; enable_mergejoin=off; enable_nestloop=on; enable_seqscan=off; gp_enable_agg_distinct=on; optimizer_segments=3
 Optimizer status: legacy query optimizer
 Total runtime: 31.004 ms
(21 rows)

-- BitmapScan
-- start_ignore
-- Known_opt_diff: This test is only here for the planner. It doesn't exercise eagerfree in ORCA plans
-- end_ignore
set enable_indexscan=off;
set enable_bitmapscan=on;
select smallt.* from smallt, smallt2 where smallt.i = smallt2.i and smallt2.d = '2011-01-04'::date
and smallt.d = '2011-01-04'::date;
 i |    t    |     d      
---+---------+------------
 3 | text 3  | 01-04-2011
 3 | text 3  | 01-04-2011
 3 | text 3  | 01-04-2011
 3 | text 3  | 01-04-2011
 3 | text 8  | 01-04-2011
 3 | text 8  | 01-04-2011
 3 | text 8  | 01-04-2011
 3 | text 8  | 01-04-2011
 3 | text 13 | 01-04-2011
 3 | text 13 | 01-04-2011
 3 | text 13 | 01-04-2011
 3 | text 13 | 01-04-2011
 3 | text 3  | 01-04-2011
 3 | text 3  | 01-04-2011
 3 | text 3  | 01-04-2011
 3 | text 3  | 01-04-2011
 3 | text 8  | 01-04-2011
 3 | text 8  | 01-04-2011
 3 | text 8  | 01-04-2011
 3 | text 8  | 01-04-2011
(20 rows)

explain analyze select smallt.* from smallt, smallt2 where smallt.i = smallt2.i and smallt2.d = '2011-01-04'::date
and smallt.d = '2011-01-04'::date;
                                                                                        QUERY PLAN                                                                                         
-------------------------------------------------------------------------------------------------------------------------------------------------------------------------------------------
 Gather Motion 2:1  (slice1; segments: 2)  (cost=202.63..205.14 rows=4 width=15)
   Rows out:  20 rows at destination with 4.798 ms to end, start offset by 1.753 ms.
   ->  Nested Loop  (cost=202.63..205.14 rows=2 width=15)
         Join Filter: smallt.i = smallt2.i
         Rows out:  20 rows (seg0) with 0.007 ms to first row, 0.229 ms to end, start offset by 1.819 ms.
         ->  Bitmap Heap Scan on smallt  (cost=100.29..102.35 rows=3 width=15)
               Recheck Cond: d = '01-04-2011'::date
               Rows out:  5 rows (seg0) with 0.053 ms to first row, 0.060 ms to end, start offset by 2.011 ms.
               ->  Bitmap Index Scan on smallt_d_idx  (cost=0.00..100.29 rows=3 width=0)
                     Index Cond: d = '01-04-2011'::date
                     Bitmaps out:  Avg 1.0 x 2 workers.  Max 1 (seg0) with 0.020 ms to end, start offset by 2.030 ms.
                     Work_mem used:  9K bytes.
         ->  Materialize  (cost=102.34..102.38 rows=2 width=4)
               Rows out:  20 rows (seg0) with 0.089 ms to first row, 0.101 ms to end of 5 scans, start offset by 2.195 ms.
               ->  Bitmap Heap Scan on smallt2  (cost=100.28..102.33 rows=2 width=4)
                     Recheck Cond: d = '01-04-2011'::date
                     Rows out:  4 rows (seg0) with 0.031 ms to first row, 0.036 ms to end, start offset by 2.119 ms.
                     ->  Bitmap Index Scan on smallt2_d_idx  (cost=0.00..100.28 rows=2 width=0)
                           Index Cond: d = '01-04-2011'::date
                           Bitmaps out:  1 (seg0) with 0.009 ms to end, start offset by 2.133 ms.
                           Work_mem used:  9K bytes.
 Slice statistics:
   (slice0)    Executor memory: 222K bytes.
   (slice1)        Jit failed at exx_node.cpp:407, slice 1, reason .
 Executor memory: 457K bytes avg x 2 workers, 538K bytes max (seg0).  Work_mem: 9K bytes max.
 Statement statistics:
   Memory used: 128000K bytes
 Settings:  enable_bitmapscan=on; enable_hashjoin=off; enable_indexscan=off; enable_mergejoin=off; enable_nestloop=on; enable_seqscan=off; gp_enable_agg_distinct=on; optimizer_segments=3
 Optimizer status: legacy query optimizer
 Total runtime: 6.800 ms
(30 rows)

set enable_hashjoin=on;
set enable_nestloop=off;
set enable_seqscan=on;
set enable_indexscan=on;
-- SubPlan
with my_group_sum(d, total) as (select d, sum(i) from smallt group by d)
select smallt2.* from smallt2
where i < all (select total from my_group_sum, smallt, smallt2 as tmp where my_group_sum.d = smallt.d and smallt.d = tmp.d and my_group_sum.d = smallt2.d)
and i = 0 order by 1,2,3; --order 1,2,3
 i |   t    |     d      
---+--------+------------
 0 | text 0 | 01-06-2011
 0 | text 5 | 01-06-2011
 0 | text 5 | 01-06-2011
(3 rows)

select smallt2.* from smallt2
where i < all (select total from (select d, sum(i) as total from smallt group by d) as my_group_sum, smallt, smallt2 as tmp
    where my_group_sum.d = smallt.d and smallt.d = tmp.d and my_group_sum.d = smallt2.d)
and i = 0 order by 1,2,3; --order 1,2,3
 i |   t    |     d      
---+--------+------------
 0 | text 0 | 01-06-2011
 0 | text 5 | 01-06-2011
 0 | text 5 | 01-06-2011
(3 rows)

-- Nested Subplan
drop table if exists eager_free_r;
NOTICE:  table "eager_free_r" does not exist, skipping
drop table if exists eager_free_s;
NOTICE:  table "eager_free_s" does not exist, skipping
drop table if exists eager_free_t;
NOTICE:  table "eager_free_t" does not exist, skipping
create table eager_free_r (r1 int, r2 int, r3 int);
NOTICE:  Table doesn't have 'DISTRIBUTED BY' clause -- Using column named 'r1' as the Greenplum Database data distribution key for this table.
HINT:  The 'DISTRIBUTED BY' clause determines the distribution of data. Make sure column(s) chosen are the optimal data distribution key to minimize skew.
create table eager_free_s (s1 int, s2 int, s3 int);
NOTICE:  Table doesn't have 'DISTRIBUTED BY' clause -- Using column named 's1' as the Greenplum Database data distribution key for this table.
HINT:  The 'DISTRIBUTED BY' clause determines the distribution of data. Make sure column(s) chosen are the optimal data distribution key to minimize skew.
create table eager_free_t (t1 int, t2 int, t3 int);
NOTICE:  Table doesn't have 'DISTRIBUTED BY' clause -- Using column named 't1' as the Greenplum Database data distribution key for this table.
HINT:  The 'DISTRIBUTED BY' clause determines the distribution of data. Make sure column(s) chosen are the optimal data distribution key to minimize skew.
insert into eager_free_r select generate_series(1, 20), generate_series(1, 5), generate_series(1, 8);
insert into eager_free_s select generate_series(1, 20), generate_series(6, 10), generate_series(1, 4);
insert into eager_free_t select generate_series(1, 30), generate_series(1, 6), generate_series(1, 5);
select * from eager_free_t where t1 > (select min(r1) from eager_free_r where r2<t2 and r3 > (Select min(s3) from eager_free_s where s1<r1));
 t1 | t2 | t3 
----+----+----
  4 |  4 |  4
  6 |  6 |  1
  8 |  2 |  3
 10 |  4 |  5
 12 |  6 |  2
 14 |  2 |  4
 16 |  4 |  1
 18 |  6 |  3
 20 |  2 |  5
 22 |  4 |  2
 24 |  6 |  4
 26 |  2 |  1
 28 |  4 |  3
 30 |  6 |  5
  3 |  3 |  3
  5 |  5 |  5
  9 |  3 |  4
 11 |  5 |  1
 15 |  3 |  5
 17 |  5 |  2
 21 |  3 |  1
 23 |  5 |  3
 27 |  3 |  2
 29 |  5 |  4
(24 rows)

reset optimizer_segments;
